2023-01-20 17:01:49.232  INFO 3820 --- [restartedMain] kr.co.sboard.SboardApplication           : Starting SboardApplication using Java 17.0.5 on DESKTOP-QOTDKI5 with PID 3820 (C:\Users\java2\Desktop\Workspace\SpringBoot\Sboard\target\classes started by java2 in C:\Users\java2\Desktop\Workspace\SpringBoot\Sboard)
2023-01-20 17:01:49.235  INFO 3820 --- [restartedMain] kr.co.sboard.SboardApplication           : No active profile set, falling back to 1 default profile: "default"
2023-01-20 17:01:49.299  INFO 3820 --- [restartedMain] .e.DevToolsPropertyDefaultsPostProcessor : Devtools property defaults active! Set 'spring.devtools.add-properties' to 'false' to disable
2023-01-20 17:01:49.300  INFO 3820 --- [restartedMain] .e.DevToolsPropertyDefaultsPostProcessor : For additional web related logging consider setting the 'logging.level.web' property to 'DEBUG'
2023-01-20 17:01:49.891  INFO 3820 --- [restartedMain] .s.d.r.c.RepositoryConfigurationDelegate : Bootstrapping Spring Data JPA repositories in DEFAULT mode.
2023-01-20 17:01:49.947  INFO 3820 --- [restartedMain] .s.d.r.c.RepositoryConfigurationDelegate : Finished Spring Data repository scanning in 45 ms. Found 2 JPA repository interfaces.
2023-01-20 17:01:50.512  INFO 3820 --- [restartedMain] o.s.b.w.embedded.tomcat.TomcatWebServer  : Tomcat initialized with port(s): 8080 (http)
2023-01-20 17:01:50.523  INFO 3820 --- [restartedMain] o.apache.catalina.core.StandardService   : Starting service [Tomcat]
2023-01-20 17:01:50.523  INFO 3820 --- [restartedMain] org.apache.catalina.core.StandardEngine  : Starting Servlet engine: [Apache Tomcat/9.0.70]
2023-01-20 17:01:50.619  INFO 3820 --- [restartedMain] o.a.c.c.C.[.[localhost].[/Sboard]        : Initializing Spring embedded WebApplicationContext
2023-01-20 17:01:50.619  INFO 3820 --- [restartedMain] w.s.c.ServletWebServerApplicationContext : Root WebApplicationContext: initialization completed in 1318 ms
2023-01-20 17:01:50.808  INFO 3820 --- [restartedMain] o.hibernate.jpa.internal.util.LogHelper  : HHH000204: Processing PersistenceUnitInfo [name: default]
2023-01-20 17:01:50.856  INFO 3820 --- [restartedMain] org.hibernate.Version                    : HHH000412: Hibernate ORM core version 5.6.14.Final
2023-01-20 17:01:51.008  INFO 3820 --- [restartedMain] o.hibernate.annotations.common.Version   : HCANN000001: Hibernate Commons Annotations {5.1.2.Final}
2023-01-20 17:01:51.117  INFO 3820 --- [restartedMain] com.zaxxer.hikari.HikariDataSource       : HikariPool-1 - Starting...
2023-01-20 17:01:51.394  INFO 3820 --- [restartedMain] com.zaxxer.hikari.HikariDataSource       : HikariPool-1 - Start completed.
2023-01-20 17:01:51.410  INFO 3820 --- [restartedMain] org.hibernate.dialect.Dialect            : HHH000400: Using dialect: org.hibernate.dialect.MySQL57Dialect
2023-01-20 17:01:52.003  INFO 3820 --- [restartedMain] o.h.e.t.j.p.i.JtaPlatformInitiator       : HHH000490: Using JtaPlatform implementation: [org.hibernate.engine.transaction.jta.platform.internal.NoJtaPlatform]
2023-01-20 17:01:52.010  INFO 3820 --- [restartedMain] j.LocalContainerEntityManagerFactoryBean : Initialized JPA EntityManagerFactory for persistence unit 'default'
2023-01-20 17:01:52.732  INFO 3820 --- [restartedMain] o.s.s.web.DefaultSecurityFilterChain     : Will secure any request with [org.springframework.security.web.session.DisableEncodeUrlFilter@516548c8, org.springframework.security.web.context.request.async.WebAsyncManagerIntegrationFilter@73217f27, org.springframework.security.web.context.SecurityContextPersistenceFilter@765ecbc4, org.springframework.security.web.header.HeaderWriterFilter@278a156c, org.springframework.security.web.authentication.logout.LogoutFilter@25bffd09, org.springframework.security.web.authentication.UsernamePasswordAuthenticationFilter@723a0b88, org.springframework.security.web.savedrequest.RequestCacheAwareFilter@6dc7d307, org.springframework.security.web.servletapi.SecurityContextHolderAwareRequestFilter@6d7990f2, org.springframework.security.web.authentication.AnonymousAuthenticationFilter@6dca288c, org.springframework.security.web.session.SessionManagementFilter@52e081, org.springframework.security.web.access.ExceptionTranslationFilter@67e65176, org.springframework.security.web.access.intercept.AuthorizationFilter@39fc28bd]
2023-01-20 17:01:52.766  WARN 3820 --- [restartedMain] JpaBaseConfiguration$JpaWebConfiguration : spring.jpa.open-in-view is enabled by default. Therefore, database queries may be performed during view rendering. Explicitly configure spring.jpa.open-in-view to disable this warning
2023-01-20 17:01:53.113  INFO 3820 --- [restartedMain] o.s.b.d.a.OptionalLiveReloadServer       : LiveReload server is running on port 35729
2023-01-20 17:01:53.135  WARN 3820 --- [restartedMain] ConfigServletWebServerApplicationContext : Exception encountered during context initialization - cancelling refresh attempt: org.springframework.context.ApplicationContextException: Failed to start bean 'webServerStartStop'; nested exception is org.springframework.boot.web.server.PortInUseException: Port 8080 is already in use
2023-01-20 17:01:53.137  INFO 3820 --- [restartedMain] j.LocalContainerEntityManagerFactoryBean : Closing JPA EntityManagerFactory for persistence unit 'default'
2023-01-20 17:01:53.140  INFO 3820 --- [restartedMain] com.zaxxer.hikari.HikariDataSource       : HikariPool-1 - Shutdown initiated...
2023-01-20 17:01:53.149  INFO 3820 --- [restartedMain] com.zaxxer.hikari.HikariDataSource       : HikariPool-1 - Shutdown completed.
2023-01-20 17:01:53.151  INFO 3820 --- [restartedMain] o.apache.catalina.core.StandardService   : Stopping service [Tomcat]
2023-01-20 17:01:53.166  INFO 3820 --- [restartedMain] ConditionEvaluationReportLoggingListener : 

Error starting ApplicationContext. To display the conditions report re-run your application with 'debug' enabled.
2023-01-20 17:01:53.186 ERROR 3820 --- [restartedMain] o.s.b.d.LoggingFailureAnalysisReporter   : 

***************************
APPLICATION FAILED TO START
***************************

Description:

Web server failed to start. Port 8080 was already in use.

Action:

Identify and stop the process that's listening on port 8080 or configure this application to listen on another port.

2023-01-20 18:27:36.131  INFO 3920 --- [restartedMain] kr.co.sboard.SboardApplication           : Starting SboardApplication using Java 17.0.5 on DESKTOP-QOTDKI5 with PID 3920 (C:\Users\java2\Desktop\Workspace\SpringBoot\Sboard\target\classes started by java2 in C:\Users\java2\Desktop\Workspace\SpringBoot\Sboard)
2023-01-20 18:27:36.136  INFO 3920 --- [restartedMain] kr.co.sboard.SboardApplication           : No active profile set, falling back to 1 default profile: "default"
2023-01-20 18:27:36.197  INFO 3920 --- [restartedMain] .e.DevToolsPropertyDefaultsPostProcessor : Devtools property defaults active! Set 'spring.devtools.add-properties' to 'false' to disable
2023-01-20 18:27:36.197  INFO 3920 --- [restartedMain] .e.DevToolsPropertyDefaultsPostProcessor : For additional web related logging consider setting the 'logging.level.web' property to 'DEBUG'
2023-01-20 18:27:36.795  INFO 3920 --- [restartedMain] .s.d.r.c.RepositoryConfigurationDelegate : Bootstrapping Spring Data JPA repositories in DEFAULT mode.
2023-01-20 18:27:36.854  INFO 3920 --- [restartedMain] .s.d.r.c.RepositoryConfigurationDelegate : Finished Spring Data repository scanning in 46 ms. Found 2 JPA repository interfaces.
2023-01-20 18:27:37.463  INFO 3920 --- [restartedMain] o.s.b.w.embedded.tomcat.TomcatWebServer  : Tomcat initialized with port(s): 8181 (http)
2023-01-20 18:27:37.474  INFO 3920 --- [restartedMain] o.apache.catalina.core.StandardService   : Starting service [Tomcat]
2023-01-20 18:27:37.475  INFO 3920 --- [restartedMain] org.apache.catalina.core.StandardEngine  : Starting Servlet engine: [Apache Tomcat/9.0.70]
2023-01-20 18:27:37.567  INFO 3920 --- [restartedMain] o.a.c.c.C.[.[localhost].[/Sboard]        : Initializing Spring embedded WebApplicationContext
2023-01-20 18:27:37.567  INFO 3920 --- [restartedMain] w.s.c.ServletWebServerApplicationContext : Root WebApplicationContext: initialization completed in 1370 ms
2023-01-20 18:27:37.771  INFO 3920 --- [restartedMain] o.hibernate.jpa.internal.util.LogHelper  : HHH000204: Processing PersistenceUnitInfo [name: default]
2023-01-20 18:27:37.822  INFO 3920 --- [restartedMain] org.hibernate.Version                    : HHH000412: Hibernate ORM core version 5.6.14.Final
2023-01-20 18:27:37.978  INFO 3920 --- [restartedMain] o.hibernate.annotations.common.Version   : HCANN000001: Hibernate Commons Annotations {5.1.2.Final}
2023-01-20 18:27:38.075  INFO 3920 --- [restartedMain] com.zaxxer.hikari.HikariDataSource       : HikariPool-1 - Starting...
2023-01-20 18:27:38.315  INFO 3920 --- [restartedMain] com.zaxxer.hikari.HikariDataSource       : HikariPool-1 - Start completed.
2023-01-20 18:27:38.330  INFO 3920 --- [restartedMain] org.hibernate.dialect.Dialect            : HHH000400: Using dialect: org.hibernate.dialect.MySQL57Dialect
2023-01-20 18:27:38.968  INFO 3920 --- [restartedMain] o.h.e.t.j.p.i.JtaPlatformInitiator       : HHH000490: Using JtaPlatform implementation: [org.hibernate.engine.transaction.jta.platform.internal.NoJtaPlatform]
2023-01-20 18:27:38.977  INFO 3920 --- [restartedMain] j.LocalContainerEntityManagerFactoryBean : Initialized JPA EntityManagerFactory for persistence unit 'default'
2023-01-20 18:27:39.629  INFO 3920 --- [restartedMain] o.s.s.web.DefaultSecurityFilterChain     : Will secure any request with [org.springframework.security.web.session.DisableEncodeUrlFilter@1a2711a4, org.springframework.security.web.context.request.async.WebAsyncManagerIntegrationFilter@2a5b32ff, org.springframework.security.web.context.SecurityContextPersistenceFilter@3dc6ad85, org.springframework.security.web.header.HeaderWriterFilter@5217a59a, org.springframework.security.web.authentication.logout.LogoutFilter@27b15af6, org.springframework.security.web.authentication.UsernamePasswordAuthenticationFilter@6febe4e3, org.springframework.security.web.savedrequest.RequestCacheAwareFilter@52b1148f, org.springframework.security.web.servletapi.SecurityContextHolderAwareRequestFilter@458904ad, org.springframework.security.web.authentication.AnonymousAuthenticationFilter@6a20a051, org.springframework.security.web.session.SessionManagementFilter@400eb4dd, org.springframework.security.web.access.ExceptionTranslationFilter@2b1129cf, org.springframework.security.web.access.intercept.AuthorizationFilter@14a9ca4d]
2023-01-20 18:27:39.661  WARN 3920 --- [restartedMain] JpaBaseConfiguration$JpaWebConfiguration : spring.jpa.open-in-view is enabled by default. Therefore, database queries may be performed during view rendering. Explicitly configure spring.jpa.open-in-view to disable this warning
2023-01-20 18:27:40.014  INFO 3920 --- [restartedMain] o.s.b.d.a.OptionalLiveReloadServer       : LiveReload server is running on port 35729
2023-01-20 18:27:40.054  INFO 3920 --- [restartedMain] o.s.b.w.embedded.tomcat.TomcatWebServer  : Tomcat started on port(s): 8181 (http) with context path '/Sboard'
2023-01-20 18:27:40.064  INFO 3920 --- [restartedMain] kr.co.sboard.SboardApplication           : Started SboardApplication in 4.3 seconds (JVM running for 5.121)
2023-01-20 18:28:11.322  INFO 3920 --- [File Watcher] rtingClassPathChangeChangedEventListener : Restarting due to 1 class path change (0 additions, 1 deletion, 0 modifications)
2023-01-20 18:28:11.338  INFO 3920 --- [Thread-5] o.apache.catalina.core.StandardService   : Stopping service [Tomcat]
2023-01-20 18:28:11.346  INFO 3920 --- [Thread-5] j.LocalContainerEntityManagerFactoryBean : Closing JPA EntityManagerFactory for persistence unit 'default'
2023-01-20 18:28:11.348  INFO 3920 --- [Thread-5] com.zaxxer.hikari.HikariDataSource       : HikariPool-1 - Shutdown initiated...
2023-01-20 18:28:11.355  INFO 3920 --- [Thread-5] com.zaxxer.hikari.HikariDataSource       : HikariPool-1 - Shutdown completed.
2023-01-20 18:28:11.439  INFO 3920 --- [restartedMain] kr.co.sboard.SboardApplication           : Starting SboardApplication using Java 17.0.5 on DESKTOP-QOTDKI5 with PID 3920 (C:\Users\java2\Desktop\Workspace\SpringBoot\Sboard\target\classes started by java2 in C:\Users\java2\Desktop\Workspace\SpringBoot\Sboard)
2023-01-20 18:28:11.439  INFO 3920 --- [restartedMain] kr.co.sboard.SboardApplication           : No active profile set, falling back to 1 default profile: "default"
2023-01-20 18:28:11.613  INFO 3920 --- [restartedMain] .s.d.r.c.RepositoryConfigurationDelegate : Bootstrapping Spring Data JPA repositories in DEFAULT mode.
2023-01-20 18:28:11.626  INFO 3920 --- [restartedMain] .s.d.r.c.RepositoryConfigurationDelegate : Finished Spring Data repository scanning in 12 ms. Found 2 JPA repository interfaces.
2023-01-20 18:28:11.709  INFO 3920 --- [restartedMain] o.s.b.w.embedded.tomcat.TomcatWebServer  : Tomcat initialized with port(s): 8181 (http)
2023-01-20 18:28:11.710  INFO 3920 --- [restartedMain] o.apache.catalina.core.StandardService   : Starting service [Tomcat]
2023-01-20 18:28:11.710  INFO 3920 --- [restartedMain] org.apache.catalina.core.StandardEngine  : Starting Servlet engine: [Apache Tomcat/9.0.70]
2023-01-20 18:28:11.729  INFO 3920 --- [restartedMain] o.a.c.c.C.[.[localhost].[/Sboard]        : Initializing Spring embedded WebApplicationContext
2023-01-20 18:28:11.730  INFO 3920 --- [restartedMain] w.s.c.ServletWebServerApplicationContext : Root WebApplicationContext: initialization completed in 289 ms
2023-01-20 18:28:11.763  INFO 3920 --- [restartedMain] o.hibernate.jpa.internal.util.LogHelper  : HHH000204: Processing PersistenceUnitInfo [name: default]
2023-01-20 18:28:11.769  INFO 3920 --- [restartedMain] com.zaxxer.hikari.HikariDataSource       : HikariPool-2 - Starting...
2023-01-20 18:28:11.868  INFO 3920 --- [restartedMain] com.zaxxer.hikari.HikariDataSource       : HikariPool-2 - Start completed.
2023-01-20 18:28:11.868  INFO 3920 --- [restartedMain] org.hibernate.dialect.Dialect            : HHH000400: Using dialect: org.hibernate.dialect.MySQL57Dialect
2023-01-20 18:28:11.969  INFO 3920 --- [restartedMain] o.h.e.t.j.p.i.JtaPlatformInitiator       : HHH000490: Using JtaPlatform implementation: [org.hibernate.engine.transaction.jta.platform.internal.NoJtaPlatform]
2023-01-20 18:28:11.969  INFO 3920 --- [restartedMain] j.LocalContainerEntityManagerFactoryBean : Initialized JPA EntityManagerFactory for persistence unit 'default'
2023-01-20 18:28:12.086  INFO 3920 --- [restartedMain] o.s.s.web.DefaultSecurityFilterChain     : Will secure any request with [org.springframework.security.web.session.DisableEncodeUrlFilter@49318a45, org.springframework.security.web.context.request.async.WebAsyncManagerIntegrationFilter@46d4422b, org.springframework.security.web.context.SecurityContextPersistenceFilter@43296947, org.springframework.security.web.header.HeaderWriterFilter@42b59599, org.springframework.security.web.authentication.logout.LogoutFilter@4c172f75, org.springframework.security.web.authentication.UsernamePasswordAuthenticationFilter@3ca87622, org.springframework.security.web.savedrequest.RequestCacheAwareFilter@4d04710d, org.springframework.security.web.servletapi.SecurityContextHolderAwareRequestFilter@23f33c69, org.springframework.security.web.authentication.AnonymousAuthenticationFilter@2070cb82, org.springframework.security.web.session.SessionManagementFilter@4e4525ae, org.springframework.security.web.access.ExceptionTranslationFilter@50bbd31c, org.springframework.security.web.access.intercept.AuthorizationFilter@18dfd3a0]
2023-01-20 18:28:12.102  WARN 3920 --- [restartedMain] JpaBaseConfiguration$JpaWebConfiguration : spring.jpa.open-in-view is enabled by default. Therefore, database queries may be performed during view rendering. Explicitly configure spring.jpa.open-in-view to disable this warning
2023-01-20 18:28:12.218  INFO 3920 --- [restartedMain] o.s.b.d.a.OptionalLiveReloadServer       : LiveReload server is running on port 35729
2023-01-20 18:28:12.228  INFO 3920 --- [restartedMain] o.s.b.w.embedded.tomcat.TomcatWebServer  : Tomcat started on port(s): 8181 (http) with context path '/Sboard'
2023-01-20 18:28:12.233  INFO 3920 --- [restartedMain] kr.co.sboard.SboardApplication           : Started SboardApplication in 0.827 seconds (JVM running for 37.29)
2023-01-20 18:28:12.237  INFO 3920 --- [restartedMain] .ConditionEvaluationDeltaLoggingListener : Condition evaluation delta:


==========================
CONDITION EVALUATION DELTA
==========================


Positive matches:
-----------------

   ErrorMvcAutoConfiguration#basicErrorController matched:
      - @ConditionalOnMissingBean (types: org.springframework.boot.web.servlet.error.ErrorController; SearchStrategy: current) did not find any beans (OnBeanCondition)


Negative matches:
-----------------

    None


Exclusions:
-----------

    None


Unconditional classes:
----------------------

    None



2023-01-20 18:28:23.335  INFO 3920 --- [File Watcher] rtingClassPathChangeChangedEventListener : Restarting due to 1 class path change (0 additions, 0 deletions, 1 modification)
2023-01-20 18:28:23.346  INFO 3920 --- [Thread-7] o.apache.catalina.core.StandardService   : Stopping service [Tomcat]
2023-01-20 18:28:23.352  INFO 3920 --- [Thread-7] j.LocalContainerEntityManagerFactoryBean : Closing JPA EntityManagerFactory for persistence unit 'default'
2023-01-20 18:28:23.352  INFO 3920 --- [Thread-7] com.zaxxer.hikari.HikariDataSource       : HikariPool-2 - Shutdown initiated...
2023-01-20 18:28:23.354  INFO 3920 --- [Thread-7] com.zaxxer.hikari.HikariDataSource       : HikariPool-2 - Shutdown completed.
2023-01-20 18:28:23.432  INFO 3920 --- [restartedMain] kr.co.sboard.SboardApplication           : Starting SboardApplication using Java 17.0.5 on DESKTOP-QOTDKI5 with PID 3920 (C:\Users\java2\Desktop\Workspace\SpringBoot\Sboard\target\classes started by java2 in C:\Users\java2\Desktop\Workspace\SpringBoot\Sboard)
2023-01-20 18:28:23.433  INFO 3920 --- [restartedMain] kr.co.sboard.SboardApplication           : No active profile set, falling back to 1 default profile: "default"
2023-01-20 18:28:23.594  INFO 3920 --- [restartedMain] .s.d.r.c.RepositoryConfigurationDelegate : Bootstrapping Spring Data JPA repositories in DEFAULT mode.
2023-01-20 18:28:23.608  INFO 3920 --- [restartedMain] .s.d.r.c.RepositoryConfigurationDelegate : Finished Spring Data repository scanning in 13 ms. Found 2 JPA repository interfaces.
2023-01-20 18:28:23.688  INFO 3920 --- [restartedMain] o.s.b.w.embedded.tomcat.TomcatWebServer  : Tomcat initialized with port(s): 8181 (http)
2023-01-20 18:28:23.689  INFO 3920 --- [restartedMain] o.apache.catalina.core.StandardService   : Starting service [Tomcat]
2023-01-20 18:28:23.689  INFO 3920 --- [restartedMain] org.apache.catalina.core.StandardEngine  : Starting Servlet engine: [Apache Tomcat/9.0.70]
2023-01-20 18:28:23.711  INFO 3920 --- [restartedMain] o.a.c.c.C.[.[localhost].[/Sboard]        : Initializing Spring embedded WebApplicationContext
2023-01-20 18:28:23.711  INFO 3920 --- [restartedMain] w.s.c.ServletWebServerApplicationContext : Root WebApplicationContext: initialization completed in 275 ms
2023-01-20 18:28:23.742  INFO 3920 --- [restartedMain] o.hibernate.jpa.internal.util.LogHelper  : HHH000204: Processing PersistenceUnitInfo [name: default]
2023-01-20 18:28:23.747  INFO 3920 --- [restartedMain] com.zaxxer.hikari.HikariDataSource       : HikariPool-3 - Starting...
2023-01-20 18:28:23.837  INFO 3920 --- [restartedMain] com.zaxxer.hikari.HikariDataSource       : HikariPool-3 - Start completed.
2023-01-20 18:28:23.837  INFO 3920 --- [restartedMain] org.hibernate.dialect.Dialect            : HHH000400: Using dialect: org.hibernate.dialect.MySQL57Dialect
2023-01-20 18:28:23.940  INFO 3920 --- [restartedMain] o.h.e.t.j.p.i.JtaPlatformInitiator       : HHH000490: Using JtaPlatform implementation: [org.hibernate.engine.transaction.jta.platform.internal.NoJtaPlatform]
2023-01-20 18:28:23.940  INFO 3920 --- [restartedMain] j.LocalContainerEntityManagerFactoryBean : Initialized JPA EntityManagerFactory for persistence unit 'default'
2023-01-20 18:28:24.042  INFO 3920 --- [restartedMain] o.s.s.web.DefaultSecurityFilterChain     : Will secure any request with [org.springframework.security.web.session.DisableEncodeUrlFilter@61f5acef, org.springframework.security.web.context.request.async.WebAsyncManagerIntegrationFilter@7ae4eab3, org.springframework.security.web.context.SecurityContextPersistenceFilter@290841de, org.springframework.security.web.header.HeaderWriterFilter@5026637a, org.springframework.security.web.authentication.logout.LogoutFilter@703334f5, org.springframework.security.web.authentication.UsernamePasswordAuthenticationFilter@888b597, org.springframework.security.web.savedrequest.RequestCacheAwareFilter@32107332, org.springframework.security.web.servletapi.SecurityContextHolderAwareRequestFilter@51ceebb9, org.springframework.security.web.authentication.AnonymousAuthenticationFilter@6a0e3fc6, org.springframework.security.web.session.SessionManagementFilter@6d84ebca, org.springframework.security.web.access.ExceptionTranslationFilter@18607c79, org.springframework.security.web.access.intercept.AuthorizationFilter@673ee889]
2023-01-20 18:28:24.052  WARN 3920 --- [restartedMain] JpaBaseConfiguration$JpaWebConfiguration : spring.jpa.open-in-view is enabled by default. Therefore, database queries may be performed during view rendering. Explicitly configure spring.jpa.open-in-view to disable this warning
2023-01-20 18:28:24.153  INFO 3920 --- [restartedMain] o.s.b.d.a.OptionalLiveReloadServer       : LiveReload server is running on port 35729
2023-01-20 18:28:24.168  INFO 3920 --- [restartedMain] o.s.b.w.embedded.tomcat.TomcatWebServer  : Tomcat started on port(s): 8181 (http) with context path '/Sboard'
2023-01-20 18:28:24.172  INFO 3920 --- [restartedMain] kr.co.sboard.SboardApplication           : Started SboardApplication in 0.767 seconds (JVM running for 49.229)
2023-01-20 18:28:24.174  INFO 3920 --- [restartedMain] .ConditionEvaluationDeltaLoggingListener : Condition evaluation delta:


==========================
CONDITION EVALUATION DELTA
==========================


Positive matches:
-----------------

   ErrorMvcAutoConfiguration.WhitelabelErrorViewConfiguration matched:
      - @ConditionalOnProperty (server.error.whitelabel.enabled) matched (OnPropertyCondition)
      - ErrorTemplate Missing did not find error template view (ErrorMvcAutoConfiguration.ErrorTemplateMissingCondition)

   ErrorMvcAutoConfiguration.WhitelabelErrorViewConfiguration#beanNameViewResolver matched:
      - @ConditionalOnMissingBean (types: org.springframework.web.servlet.view.BeanNameViewResolver; SearchStrategy: all) did not find any beans (OnBeanCondition)

   ErrorMvcAutoConfiguration.WhitelabelErrorViewConfiguration#defaultErrorView matched:
      - @ConditionalOnMissingBean (names: error; SearchStrategy: all) did not find any beans (OnBeanCondition)


Negative matches:
-----------------

    None


Exclusions:
-----------

    None


Unconditional classes:
----------------------

    None



2023-01-20 18:28:52.948  INFO 4092 --- [restartedMain] kr.co.sboard.SboardApplication           : Starting SboardApplication using Java 17.0.5 on DESKTOP-QOTDKI5 with PID 4092 (C:\Users\java2\Desktop\Workspace\SpringBoot\Sboard\target\classes started by java2 in C:\Users\java2\Desktop\Workspace\SpringBoot\Sboard)
2023-01-20 18:28:52.950  INFO 4092 --- [restartedMain] kr.co.sboard.SboardApplication           : No active profile set, falling back to 1 default profile: "default"
2023-01-20 18:28:53.009  INFO 4092 --- [restartedMain] .e.DevToolsPropertyDefaultsPostProcessor : Devtools property defaults active! Set 'spring.devtools.add-properties' to 'false' to disable
2023-01-20 18:28:53.009  INFO 4092 --- [restartedMain] .e.DevToolsPropertyDefaultsPostProcessor : For additional web related logging consider setting the 'logging.level.web' property to 'DEBUG'
2023-01-20 18:28:53.573  INFO 4092 --- [restartedMain] .s.d.r.c.RepositoryConfigurationDelegate : Bootstrapping Spring Data JPA repositories in DEFAULT mode.
2023-01-20 18:28:53.626  INFO 4092 --- [restartedMain] .s.d.r.c.RepositoryConfigurationDelegate : Finished Spring Data repository scanning in 42 ms. Found 2 JPA repository interfaces.
2023-01-20 18:28:54.204  INFO 4092 --- [restartedMain] o.s.b.w.embedded.tomcat.TomcatWebServer  : Tomcat initialized with port(s): 8181 (http)
2023-01-20 18:28:54.215  INFO 4092 --- [restartedMain] o.apache.catalina.core.StandardService   : Starting service [Tomcat]
2023-01-20 18:28:54.215  INFO 4092 --- [restartedMain] org.apache.catalina.core.StandardEngine  : Starting Servlet engine: [Apache Tomcat/9.0.70]
2023-01-20 18:28:54.306  INFO 4092 --- [restartedMain] o.a.c.c.C.[.[localhost].[/Sboard]        : Initializing Spring embedded WebApplicationContext
2023-01-20 18:28:54.306  INFO 4092 --- [restartedMain] w.s.c.ServletWebServerApplicationContext : Root WebApplicationContext: initialization completed in 1297 ms
2023-01-20 18:28:54.485  INFO 4092 --- [restartedMain] o.hibernate.jpa.internal.util.LogHelper  : HHH000204: Processing PersistenceUnitInfo [name: default]
2023-01-20 18:28:54.536  INFO 4092 --- [restartedMain] org.hibernate.Version                    : HHH000412: Hibernate ORM core version 5.6.14.Final
2023-01-20 18:28:54.700  INFO 4092 --- [restartedMain] o.hibernate.annotations.common.Version   : HCANN000001: Hibernate Commons Annotations {5.1.2.Final}
2023-01-20 18:28:54.797  INFO 4092 --- [restartedMain] com.zaxxer.hikari.HikariDataSource       : HikariPool-1 - Starting...
2023-01-20 18:28:55.043  INFO 4092 --- [restartedMain] com.zaxxer.hikari.HikariDataSource       : HikariPool-1 - Start completed.
2023-01-20 18:28:55.056  INFO 4092 --- [restartedMain] org.hibernate.dialect.Dialect            : HHH000400: Using dialect: org.hibernate.dialect.MySQL57Dialect
2023-01-20 18:28:55.685  INFO 4092 --- [restartedMain] o.h.e.t.j.p.i.JtaPlatformInitiator       : HHH000490: Using JtaPlatform implementation: [org.hibernate.engine.transaction.jta.platform.internal.NoJtaPlatform]
2023-01-20 18:28:55.692  INFO 4092 --- [restartedMain] j.LocalContainerEntityManagerFactoryBean : Initialized JPA EntityManagerFactory for persistence unit 'default'
2023-01-20 18:28:56.364  INFO 4092 --- [restartedMain] o.s.s.web.DefaultSecurityFilterChain     : Will secure any request with [org.springframework.security.web.session.DisableEncodeUrlFilter@32dd9f63, org.springframework.security.web.context.request.async.WebAsyncManagerIntegrationFilter@1f160524, org.springframework.security.web.context.SecurityContextPersistenceFilter@535fcfd7, org.springframework.security.web.header.HeaderWriterFilter@75113927, org.springframework.security.web.authentication.logout.LogoutFilter@62aea224, org.springframework.security.web.authentication.UsernamePasswordAuthenticationFilter@27b15af6, org.springframework.security.web.savedrequest.RequestCacheAwareFilter@74b89d98, org.springframework.security.web.servletapi.SecurityContextHolderAwareRequestFilter@62f3b61d, org.springframework.security.web.authentication.AnonymousAuthenticationFilter@7e58e680, org.springframework.security.web.session.SessionManagementFilter@3142757c, org.springframework.security.web.access.ExceptionTranslationFilter@7e1bf730, org.springframework.security.web.access.intercept.AuthorizationFilter@46141239]
2023-01-20 18:28:56.401  WARN 4092 --- [restartedMain] JpaBaseConfiguration$JpaWebConfiguration : spring.jpa.open-in-view is enabled by default. Therefore, database queries may be performed during view rendering. Explicitly configure spring.jpa.open-in-view to disable this warning
2023-01-20 18:28:56.768  WARN 4092 --- [restartedMain] o.s.b.d.a.OptionalLiveReloadServer       : Unable to start LiveReload server
2023-01-20 18:28:56.793  WARN 4092 --- [restartedMain] ConfigServletWebServerApplicationContext : Exception encountered during context initialization - cancelling refresh attempt: org.springframework.context.ApplicationContextException: Failed to start bean 'webServerStartStop'; nested exception is org.springframework.boot.web.server.PortInUseException: Port 8181 is already in use
2023-01-20 18:28:56.796  INFO 4092 --- [restartedMain] j.LocalContainerEntityManagerFactoryBean : Closing JPA EntityManagerFactory for persistence unit 'default'
2023-01-20 18:28:56.799  INFO 4092 --- [restartedMain] com.zaxxer.hikari.HikariDataSource       : HikariPool-1 - Shutdown initiated...
2023-01-20 18:28:56.806  INFO 4092 --- [restartedMain] com.zaxxer.hikari.HikariDataSource       : HikariPool-1 - Shutdown completed.
2023-01-20 18:28:56.809  INFO 4092 --- [restartedMain] o.apache.catalina.core.StandardService   : Stopping service [Tomcat]
2023-01-20 18:28:56.823  INFO 4092 --- [restartedMain] ConditionEvaluationReportLoggingListener : 

Error starting ApplicationContext. To display the conditions report re-run your application with 'debug' enabled.
2023-01-20 18:28:56.844 ERROR 4092 --- [restartedMain] o.s.b.d.LoggingFailureAnalysisReporter   : 

***************************
APPLICATION FAILED TO START
***************************

Description:

Web server failed to start. Port 8181 was already in use.

Action:

Identify and stop the process that's listening on port 8181 or configure this application to listen on another port.

