2023-01-25 15:33:32.334  INFO 7744 --- [Test worker] k.c.farmstory.FarmstoryApplicationTests  : Starting FarmstoryApplicationTests using Java 11.0.16.1 on DESKTOP-QOTDKI5 with PID 7744 (started by java2 in C:\Users\java2\Desktop\Workspace\SpringBoot\Farmstory)
2023-01-25 15:33:32.338  INFO 7744 --- [Test worker] k.c.farmstory.FarmstoryApplicationTests  : No active profile set, falling back to 1 default profile: "default"
2023-01-25 15:33:33.357  INFO 7744 --- [Test worker] .s.d.r.c.RepositoryConfigurationDelegate : Bootstrapping Spring Data JPA repositories in DEFAULT mode.
2023-01-25 15:33:33.372  INFO 7744 --- [Test worker] .s.d.r.c.RepositoryConfigurationDelegate : Finished Spring Data repository scanning in 5 ms. Found 0 JPA repository interfaces.
2023-01-25 15:33:33.565  WARN 7744 --- [Test worker] o.m.s.mapper.ClassPathMapperScanner      : No MyBatis mapper was found in '[kr.co.farmstory]' package. Please check your configuration.
2023-01-25 15:33:34.133  INFO 7744 --- [Test worker] o.hibernate.jpa.internal.util.LogHelper  : HHH000204: Processing PersistenceUnitInfo [name: default]
2023-01-25 15:33:34.199  INFO 7744 --- [Test worker] org.hibernate.Version                    : HHH000412: Hibernate ORM core version 5.6.14.Final
2023-01-25 15:33:34.411  INFO 7744 --- [Test worker] o.hibernate.annotations.common.Version   : HCANN000001: Hibernate Commons Annotations {5.1.2.Final}
2023-01-25 15:33:34.555  INFO 7744 --- [Test worker] com.zaxxer.hikari.HikariDataSource       : HikariPool-1 - Starting...
2023-01-25 15:33:34.890  INFO 7744 --- [Test worker] com.zaxxer.hikari.HikariDataSource       : HikariPool-1 - Start completed.
2023-01-25 15:33:34.907  INFO 7744 --- [Test worker] org.hibernate.dialect.Dialect            : HHH000400: Using dialect: org.hibernate.dialect.MySQL57Dialect
2023-01-25 15:33:35.279  INFO 7744 --- [Test worker] o.h.e.t.j.p.i.JtaPlatformInitiator       : HHH000490: Using JtaPlatform implementation: [org.hibernate.engine.transaction.jta.platform.internal.NoJtaPlatform]
2023-01-25 15:33:35.290  INFO 7744 --- [Test worker] j.LocalContainerEntityManagerFactoryBean : Initialized JPA EntityManagerFactory for persistence unit 'default'
2023-01-25 15:33:35.571  WARN 7744 --- [Test worker] JpaBaseConfiguration$JpaWebConfiguration : spring.jpa.open-in-view is enabled by default. Therefore, database queries may be performed during view rendering. Explicitly configure spring.jpa.open-in-view to disable this warning
2023-01-25 15:33:35.941  INFO 7744 --- [Test worker] o.s.b.a.w.s.WelcomePageHandlerMapping    : Adding welcome page template: index
2023-01-25 15:33:36.577  WARN 7744 --- [Test worker] .s.s.UserDetailsServiceAutoConfiguration : 

Using generated security password: a5f696a2-b484-4028-b63f-c5c9ca79fc3c

This generated password is for development use only. Your security configuration must be updated before running your application in production.

2023-01-25 15:33:36.892  INFO 7744 --- [Test worker] o.s.s.web.DefaultSecurityFilterChain     : Will secure any request with [org.springframework.security.web.session.DisableEncodeUrlFilter@29fc83c5, org.springframework.security.web.context.request.async.WebAsyncManagerIntegrationFilter@3fb1948c, org.springframework.security.web.context.SecurityContextPersistenceFilter@a302f30, org.springframework.security.web.header.HeaderWriterFilter@6958d5d0, org.springframework.security.web.csrf.CsrfFilter@4c3d72fd, org.springframework.security.web.authentication.logout.LogoutFilter@36931450, org.springframework.security.web.authentication.UsernamePasswordAuthenticationFilter@5e72c82a, org.springframework.security.web.authentication.ui.DefaultLoginPageGeneratingFilter@143fe09c, org.springframework.security.web.authentication.ui.DefaultLogoutPageGeneratingFilter@7c39193f, org.springframework.security.web.authentication.www.BasicAuthenticationFilter@3d2b13f, org.springframework.security.web.savedrequest.RequestCacheAwareFilter@4136b193, org.springframework.security.web.servletapi.SecurityContextHolderAwareRequestFilter@4af44f2a, org.springframework.security.web.authentication.AnonymousAuthenticationFilter@230d013b, org.springframework.security.web.session.SessionManagementFilter@2f498f21, org.springframework.security.web.access.ExceptionTranslationFilter@3909308c, org.springframework.security.web.access.intercept.FilterSecurityInterceptor@62e586a6]
2023-01-25 15:33:37.008  INFO 7744 --- [Test worker] k.c.farmstory.FarmstoryApplicationTests  : Started FarmstoryApplicationTests in 5.251 seconds (JVM running for 7.144)
2023-01-25 15:33:37.399  INFO 7744 --- [SpringApplicationShutdownHook] j.LocalContainerEntityManagerFactoryBean : Closing JPA EntityManagerFactory for persistence unit 'default'
2023-01-25 15:33:37.402  INFO 7744 --- [SpringApplicationShutdownHook] com.zaxxer.hikari.HikariDataSource       : HikariPool-1 - Shutdown initiated...
2023-01-25 15:33:37.415  INFO 7744 --- [SpringApplicationShutdownHook] com.zaxxer.hikari.HikariDataSource       : HikariPool-1 - Shutdown completed.
2023-01-25 15:35:27.490  INFO 1400 --- [restartedMain] kr.co.farmstory.FarmstoryApplication     : Starting FarmstoryApplication using Java 11.0.16.1 on DESKTOP-QOTDKI5 with PID 1400 (C:\Users\java2\Desktop\Workspace\SpringBoot\Farmstory\build\classes\java\main started by java2 in C:\Users\java2\Desktop\Workspace\SpringBoot\Farmstory)
2023-01-25 15:35:27.496  INFO 1400 --- [restartedMain] kr.co.farmstory.FarmstoryApplication     : No active profile set, falling back to 1 default profile: "default"
2023-01-25 15:35:27.588  INFO 1400 --- [restartedMain] .e.DevToolsPropertyDefaultsPostProcessor : Devtools property defaults active! Set 'spring.devtools.add-properties' to 'false' to disable
2023-01-25 15:35:27.589  INFO 1400 --- [restartedMain] .e.DevToolsPropertyDefaultsPostProcessor : For additional web related logging consider setting the 'logging.level.web' property to 'DEBUG'
2023-01-25 15:35:28.406  INFO 1400 --- [restartedMain] .s.d.r.c.RepositoryConfigurationDelegate : Bootstrapping Spring Data JPA repositories in DEFAULT mode.
2023-01-25 15:35:28.425  INFO 1400 --- [restartedMain] .s.d.r.c.RepositoryConfigurationDelegate : Finished Spring Data repository scanning in 5 ms. Found 0 JPA repository interfaces.
2023-01-25 15:35:28.654  WARN 1400 --- [restartedMain] o.m.s.mapper.ClassPathMapperScanner      : No MyBatis mapper was found in '[kr.co.farmstory]' package. Please check your configuration.
2023-01-25 15:35:29.617  INFO 1400 --- [restartedMain] o.s.b.w.embedded.tomcat.TomcatWebServer  : Tomcat initialized with port(s): 8181 (http)
2023-01-25 15:35:29.631  INFO 1400 --- [restartedMain] o.apache.catalina.core.StandardService   : Starting service [Tomcat]
2023-01-25 15:35:29.632  INFO 1400 --- [restartedMain] org.apache.catalina.core.StandardEngine  : Starting Servlet engine: [Apache Tomcat/9.0.71]
2023-01-25 15:35:29.741  INFO 1400 --- [restartedMain] o.a.c.c.C.[.[localhost].[/Farmstory]     : Initializing Spring embedded WebApplicationContext
2023-01-25 15:35:29.741  INFO 1400 --- [restartedMain] w.s.c.ServletWebServerApplicationContext : Root WebApplicationContext: initialization completed in 2152 ms
2023-01-25 15:35:30.050  INFO 1400 --- [restartedMain] o.hibernate.jpa.internal.util.LogHelper  : HHH000204: Processing PersistenceUnitInfo [name: default]
2023-01-25 15:35:30.114  INFO 1400 --- [restartedMain] org.hibernate.Version                    : HHH000412: Hibernate ORM core version 5.6.14.Final
2023-01-25 15:35:30.321  INFO 1400 --- [restartedMain] o.hibernate.annotations.common.Version   : HCANN000001: Hibernate Commons Annotations {5.1.2.Final}
2023-01-25 15:35:30.438  INFO 1400 --- [restartedMain] com.zaxxer.hikari.HikariDataSource       : HikariPool-1 - Starting...
2023-01-25 15:35:30.731  INFO 1400 --- [restartedMain] com.zaxxer.hikari.HikariDataSource       : HikariPool-1 - Start completed.
2023-01-25 15:35:30.748  INFO 1400 --- [restartedMain] org.hibernate.dialect.Dialect            : HHH000400: Using dialect: org.hibernate.dialect.MySQL57Dialect
2023-01-25 15:35:31.095  INFO 1400 --- [restartedMain] o.h.e.t.j.p.i.JtaPlatformInitiator       : HHH000490: Using JtaPlatform implementation: [org.hibernate.engine.transaction.jta.platform.internal.NoJtaPlatform]
2023-01-25 15:35:31.105  INFO 1400 --- [restartedMain] j.LocalContainerEntityManagerFactoryBean : Initialized JPA EntityManagerFactory for persistence unit 'default'
2023-01-25 15:35:31.169  WARN 1400 --- [restartedMain] JpaBaseConfiguration$JpaWebConfiguration : spring.jpa.open-in-view is enabled by default. Therefore, database queries may be performed during view rendering. Explicitly configure spring.jpa.open-in-view to disable this warning
2023-01-25 15:35:31.373  INFO 1400 --- [restartedMain] o.s.b.a.w.s.WelcomePageHandlerMapping    : Adding welcome page template: index
2023-01-25 15:35:31.702  WARN 1400 --- [restartedMain] .s.s.UserDetailsServiceAutoConfiguration : 

Using generated security password: e8f5157e-ef90-4bb7-9128-f8c5db13384d

This generated password is for development use only. Your security configuration must be updated before running your application in production.

2023-01-25 15:35:31.858  INFO 1400 --- [restartedMain] o.s.s.web.DefaultSecurityFilterChain     : Will secure any request with [org.springframework.security.web.session.DisableEncodeUrlFilter@7ded262e, org.springframework.security.web.context.request.async.WebAsyncManagerIntegrationFilter@5b402880, org.springframework.security.web.context.SecurityContextPersistenceFilter@78592805, org.springframework.security.web.header.HeaderWriterFilter@7ae608e0, org.springframework.security.web.csrf.CsrfFilter@17d30919, org.springframework.security.web.authentication.logout.LogoutFilter@22207f08, org.springframework.security.web.authentication.UsernamePasswordAuthenticationFilter@fdd15af, org.springframework.security.web.authentication.ui.DefaultLoginPageGeneratingFilter@53bc2727, org.springframework.security.web.authentication.ui.DefaultLogoutPageGeneratingFilter@4fb7f82e, org.springframework.security.web.authentication.www.BasicAuthenticationFilter@5c9f4299, org.springframework.security.web.savedrequest.RequestCacheAwareFilter@1ee1a364, org.springframework.security.web.servletapi.SecurityContextHolderAwareRequestFilter@269ab8bc, org.springframework.security.web.authentication.AnonymousAuthenticationFilter@12d73c2, org.springframework.security.web.session.SessionManagementFilter@e08e145, org.springframework.security.web.access.ExceptionTranslationFilter@43d26411, org.springframework.security.web.access.intercept.FilterSecurityInterceptor@1fa9e2e]
2023-01-25 15:35:31.912  INFO 1400 --- [restartedMain] o.s.b.d.a.OptionalLiveReloadServer       : LiveReload server is running on port 35729
2023-01-25 15:35:31.962  INFO 1400 --- [restartedMain] o.s.b.w.embedded.tomcat.TomcatWebServer  : Tomcat started on port(s): 8181 (http) with context path '/Farmstory'
2023-01-25 15:35:31.970  INFO 1400 --- [restartedMain] kr.co.farmstory.FarmstoryApplication     : Started FarmstoryApplication in 5.012 seconds (JVM running for 5.643)
2023-01-25 15:36:06.589  INFO 1400 --- [http-nio-8181-exec-1] o.a.c.c.C.[.[localhost].[/Farmstory]     : Initializing Spring DispatcherServlet 'dispatcherServlet'
2023-01-25 15:36:06.590  INFO 1400 --- [http-nio-8181-exec-1] o.s.web.servlet.DispatcherServlet        : Initializing Servlet 'dispatcherServlet'
2023-01-25 15:36:06.591  INFO 1400 --- [http-nio-8181-exec-1] o.s.web.servlet.DispatcherServlet        : Completed initialization in 1 ms
2023-01-25 15:36:06.866  WARN 1400 --- [http-nio-8181-exec-1] o.a.c.util.SessionIdGeneratorBase        : Creation of SecureRandom instance for session ID generation using [SHA1PRNG] took [234] milliseconds.
2023-01-25 15:45:41.525  INFO 9048 --- [restartedMain] kr.co.farmstory.FarmstoryApplication     : Starting FarmstoryApplication using Java 11.0.16.1 on DESKTOP-QOTDKI5 with PID 9048 (C:\Users\java2\Desktop\Workspace\SpringBoot\Farmstory\build\classes\java\main started by java2 in C:\Users\java2\Desktop\Workspace\SpringBoot\Farmstory)
2023-01-25 15:45:41.527  INFO 9048 --- [restartedMain] kr.co.farmstory.FarmstoryApplication     : No active profile set, falling back to 1 default profile: "default"
2023-01-25 15:45:41.668  INFO 9048 --- [restartedMain] .e.DevToolsPropertyDefaultsPostProcessor : Devtools property defaults active! Set 'spring.devtools.add-properties' to 'false' to disable
2023-01-25 15:45:41.669  INFO 9048 --- [restartedMain] .e.DevToolsPropertyDefaultsPostProcessor : For additional web related logging consider setting the 'logging.level.web' property to 'DEBUG'
2023-01-25 15:45:42.618  INFO 9048 --- [restartedMain] .s.d.r.c.RepositoryConfigurationDelegate : Bootstrapping Spring Data JPA repositories in DEFAULT mode.
2023-01-25 15:45:42.641  INFO 9048 --- [restartedMain] .s.d.r.c.RepositoryConfigurationDelegate : Finished Spring Data repository scanning in 7 ms. Found 0 JPA repository interfaces.
2023-01-25 15:45:42.824  WARN 9048 --- [restartedMain] o.m.s.mapper.ClassPathMapperScanner      : No MyBatis mapper was found in '[kr.co.farmstory]' package. Please check your configuration.
2023-01-25 15:45:43.887  INFO 9048 --- [restartedMain] o.s.b.w.embedded.tomcat.TomcatWebServer  : Tomcat initialized with port(s): 8181 (http)
2023-01-25 15:45:43.903  INFO 9048 --- [restartedMain] o.apache.catalina.core.StandardService   : Starting service [Tomcat]
2023-01-25 15:45:43.903  INFO 9048 --- [restartedMain] org.apache.catalina.core.StandardEngine  : Starting Servlet engine: [Apache Tomcat/9.0.71]
2023-01-25 15:45:44.008  INFO 9048 --- [restartedMain] o.a.c.c.C.[.[localhost].[/Farmstory]     : Initializing Spring embedded WebApplicationContext
2023-01-25 15:45:44.008  INFO 9048 --- [restartedMain] w.s.c.ServletWebServerApplicationContext : Root WebApplicationContext: initialization completed in 2338 ms
2023-01-25 15:45:44.279  INFO 9048 --- [restartedMain] o.hibernate.jpa.internal.util.LogHelper  : HHH000204: Processing PersistenceUnitInfo [name: default]
2023-01-25 15:45:44.339  INFO 9048 --- [restartedMain] org.hibernate.Version                    : HHH000412: Hibernate ORM core version 5.6.14.Final
2023-01-25 15:45:44.551  INFO 9048 --- [restartedMain] o.hibernate.annotations.common.Version   : HCANN000001: Hibernate Commons Annotations {5.1.2.Final}
2023-01-25 15:45:44.719  INFO 9048 --- [restartedMain] com.zaxxer.hikari.HikariDataSource       : HikariPool-1 - Starting...
2023-01-25 15:45:45.051  INFO 9048 --- [restartedMain] com.zaxxer.hikari.HikariDataSource       : HikariPool-1 - Start completed.
2023-01-25 15:45:45.067  INFO 9048 --- [restartedMain] org.hibernate.dialect.Dialect            : HHH000400: Using dialect: org.hibernate.dialect.MySQL57Dialect
2023-01-25 15:45:45.443  INFO 9048 --- [restartedMain] o.h.e.t.j.p.i.JtaPlatformInitiator       : HHH000490: Using JtaPlatform implementation: [org.hibernate.engine.transaction.jta.platform.internal.NoJtaPlatform]
2023-01-25 15:45:45.454  INFO 9048 --- [restartedMain] j.LocalContainerEntityManagerFactoryBean : Initialized JPA EntityManagerFactory for persistence unit 'default'
2023-01-25 15:45:45.689  INFO 9048 --- [restartedMain] o.s.s.web.DefaultSecurityFilterChain     : Will secure any request with [org.springframework.security.web.session.DisableEncodeUrlFilter@2700de9c, org.springframework.security.web.context.request.async.WebAsyncManagerIntegrationFilter@1cb18c42, org.springframework.security.web.context.SecurityContextPersistenceFilter@7bc07256, org.springframework.security.web.header.HeaderWriterFilter@58e81a7a, org.springframework.security.web.authentication.logout.LogoutFilter@6416cbc0, org.springframework.security.web.savedrequest.RequestCacheAwareFilter@555ea1a, org.springframework.security.web.servletapi.SecurityContextHolderAwareRequestFilter@63db891a, org.springframework.security.web.authentication.AnonymousAuthenticationFilter@507d915a, org.springframework.security.web.session.SessionManagementFilter@636e6823, org.springframework.security.web.access.ExceptionTranslationFilter@4d662c7, org.springframework.security.web.access.intercept.AuthorizationFilter@71694c62]
2023-01-25 15:45:45.853  WARN 9048 --- [restartedMain] JpaBaseConfiguration$JpaWebConfiguration : spring.jpa.open-in-view is enabled by default. Therefore, database queries may be performed during view rendering. Explicitly configure spring.jpa.open-in-view to disable this warning
2023-01-25 15:45:46.085  INFO 9048 --- [restartedMain] o.s.b.a.w.s.WelcomePageHandlerMapping    : Adding welcome page template: index
2023-01-25 15:45:46.500  INFO 9048 --- [restartedMain] o.s.b.d.a.OptionalLiveReloadServer       : LiveReload server is running on port 35729
2023-01-25 15:45:46.535  INFO 9048 --- [restartedMain] o.s.b.w.embedded.tomcat.TomcatWebServer  : Tomcat started on port(s): 8181 (http) with context path '/Farmstory'
2023-01-25 15:45:46.547  INFO 9048 --- [restartedMain] kr.co.farmstory.FarmstoryApplication     : Started FarmstoryApplication in 5.762 seconds (JVM running for 6.434)
2023-01-25 15:45:46.708  INFO 9048 --- [http-nio-8181-exec-1] o.a.c.c.C.[.[localhost].[/Farmstory]     : Initializing Spring DispatcherServlet 'dispatcherServlet'
2023-01-25 15:45:46.709  INFO 9048 --- [http-nio-8181-exec-1] o.s.web.servlet.DispatcherServlet        : Initializing Servlet 'dispatcherServlet'
2023-01-25 15:45:46.711  INFO 9048 --- [http-nio-8181-exec-1] o.s.web.servlet.DispatcherServlet        : Completed initialization in 1 ms
2023-01-25 15:48:29.317  INFO 2136 --- [restartedMain] kr.co.farmstory.FarmstoryApplication     : Starting FarmstoryApplication using Java 11.0.16.1 on DESKTOP-QOTDKI5 with PID 2136 (C:\Users\java2\Desktop\Workspace\SpringBoot\Farmstory\build\classes\java\main started by java2 in C:\Users\java2\Desktop\Workspace\SpringBoot\Farmstory)
2023-01-25 15:48:29.319  INFO 2136 --- [restartedMain] kr.co.farmstory.FarmstoryApplication     : No active profile set, falling back to 1 default profile: "default"
2023-01-25 15:48:29.471  INFO 2136 --- [restartedMain] .e.DevToolsPropertyDefaultsPostProcessor : Devtools property defaults active! Set 'spring.devtools.add-properties' to 'false' to disable
2023-01-25 15:48:29.472  INFO 2136 --- [restartedMain] .e.DevToolsPropertyDefaultsPostProcessor : For additional web related logging consider setting the 'logging.level.web' property to 'DEBUG'
2023-01-25 15:48:30.492  INFO 2136 --- [restartedMain] .s.d.r.c.RepositoryConfigurationDelegate : Bootstrapping Spring Data JPA repositories in DEFAULT mode.
2023-01-25 15:48:30.527  INFO 2136 --- [restartedMain] .s.d.r.c.RepositoryConfigurationDelegate : Finished Spring Data repository scanning in 10 ms. Found 0 JPA repository interfaces.
2023-01-25 15:48:30.865  WARN 2136 --- [restartedMain] o.m.s.mapper.ClassPathMapperScanner      : No MyBatis mapper was found in '[kr.co.farmstory]' package. Please check your configuration.
2023-01-25 15:48:31.885  INFO 2136 --- [restartedMain] o.s.b.w.embedded.tomcat.TomcatWebServer  : Tomcat initialized with port(s): 8181 (http)
2023-01-25 15:48:31.903  INFO 2136 --- [restartedMain] o.apache.catalina.core.StandardService   : Starting service [Tomcat]
2023-01-25 15:48:31.904  INFO 2136 --- [restartedMain] org.apache.catalina.core.StandardEngine  : Starting Servlet engine: [Apache Tomcat/9.0.71]
2023-01-25 15:48:32.012  INFO 2136 --- [restartedMain] o.a.c.c.C.[.[localhost].[/Farmstory]     : Initializing Spring embedded WebApplicationContext
2023-01-25 15:48:32.014  INFO 2136 --- [restartedMain] w.s.c.ServletWebServerApplicationContext : Root WebApplicationContext: initialization completed in 2541 ms
2023-01-25 15:48:32.298  INFO 2136 --- [restartedMain] o.hibernate.jpa.internal.util.LogHelper  : HHH000204: Processing PersistenceUnitInfo [name: default]
2023-01-25 15:48:32.372  INFO 2136 --- [restartedMain] org.hibernate.Version                    : HHH000412: Hibernate ORM core version 5.6.14.Final
2023-01-25 15:48:32.617  INFO 2136 --- [restartedMain] o.hibernate.annotations.common.Version   : HCANN000001: Hibernate Commons Annotations {5.1.2.Final}
2023-01-25 15:48:32.750  INFO 2136 --- [restartedMain] com.zaxxer.hikari.HikariDataSource       : HikariPool-1 - Starting...
2023-01-25 15:48:33.090  INFO 2136 --- [restartedMain] com.zaxxer.hikari.HikariDataSource       : HikariPool-1 - Start completed.
2023-01-25 15:48:33.106  INFO 2136 --- [restartedMain] org.hibernate.dialect.Dialect            : HHH000400: Using dialect: org.hibernate.dialect.MySQL57Dialect
2023-01-25 15:48:33.530  INFO 2136 --- [restartedMain] o.h.e.t.j.p.i.JtaPlatformInitiator       : HHH000490: Using JtaPlatform implementation: [org.hibernate.engine.transaction.jta.platform.internal.NoJtaPlatform]
2023-01-25 15:48:33.540  INFO 2136 --- [restartedMain] j.LocalContainerEntityManagerFactoryBean : Initialized JPA EntityManagerFactory for persistence unit 'default'
2023-01-25 15:48:33.732  INFO 2136 --- [restartedMain] o.s.s.web.DefaultSecurityFilterChain     : Will secure any request with [org.springframework.security.web.session.DisableEncodeUrlFilter@475339a3, org.springframework.security.web.context.request.async.WebAsyncManagerIntegrationFilter@2c0cfc24, org.springframework.security.web.context.SecurityContextPersistenceFilter@2daf9dfc, org.springframework.security.web.header.HeaderWriterFilter@13138cd5, org.springframework.security.web.authentication.logout.LogoutFilter@5c21994f, org.springframework.security.web.savedrequest.RequestCacheAwareFilter@7ca9bc5, org.springframework.security.web.servletapi.SecurityContextHolderAwareRequestFilter@6bcf78cd, org.springframework.security.web.authentication.AnonymousAuthenticationFilter@76f65308, org.springframework.security.web.session.SessionManagementFilter@6d02433c, org.springframework.security.web.access.ExceptionTranslationFilter@31c3c7c7, org.springframework.security.web.access.intercept.AuthorizationFilter@d7cd914]
2023-01-25 15:48:33.782  WARN 2136 --- [restartedMain] JpaBaseConfiguration$JpaWebConfiguration : spring.jpa.open-in-view is enabled by default. Therefore, database queries may be performed during view rendering. Explicitly configure spring.jpa.open-in-view to disable this warning
2023-01-25 15:48:33.979  INFO 2136 --- [restartedMain] o.s.b.a.w.s.WelcomePageHandlerMapping    : Adding welcome page template: index
2023-01-25 15:48:34.346  INFO 2136 --- [restartedMain] o.s.b.d.a.OptionalLiveReloadServer       : LiveReload server is running on port 35729
2023-01-25 15:48:34.385  INFO 2136 --- [restartedMain] o.s.b.w.embedded.tomcat.TomcatWebServer  : Tomcat started on port(s): 8181 (http) with context path '/Farmstory'
2023-01-25 15:48:34.397  INFO 2136 --- [restartedMain] kr.co.farmstory.FarmstoryApplication     : Started FarmstoryApplication in 5.805 seconds (JVM running for 6.479)
2023-01-25 15:48:34.480  INFO 2136 --- [http-nio-8181-exec-1] o.a.c.c.C.[.[localhost].[/Farmstory]     : Initializing Spring DispatcherServlet 'dispatcherServlet'
2023-01-25 15:48:34.482  INFO 2136 --- [http-nio-8181-exec-1] o.s.web.servlet.DispatcherServlet        : Initializing Servlet 'dispatcherServlet'
2023-01-25 15:48:34.484  INFO 2136 --- [http-nio-8181-exec-1] o.s.web.servlet.DispatcherServlet        : Completed initialization in 1 ms
